Build started 26-Dec-15 12:37:27 PM.
     1>Project "C:\Users\naor\Documents\Visual Studio 2013\Projects\OpenCVTest\OpenCVTest\OpenCVTest.vcxproj" on node 2 (Build target(s)).
     1>ClCompile:
         C:\Program Files (x86)\Microsoft Visual Studio 12.0\VC\bin\CL.exe /c /ID:\opencv310\opencv\build\x64\vc12\..\..\include /ZI /nologo /W3 /WX- /sdl /Od /Oy- /D WIN32 /D _DEBUG /D _CONSOLE /D _LIB /D _UNICODE /D UNICODE /Gm /EHsc /RTC1 /MDd /GS /fp:precise /Zc:wchar_t /Zc:forScope /Fo"Debug\\" /Fd"Debug\vc120.pdb" /Gd /TP /analyze- /errorReport:prompt main.cpp
         main.cpp
       Link:
         C:\Program Files (x86)\Microsoft Visual Studio 12.0\VC\bin\link.exe /ERRORREPORT:PROMPT /OUT:"C:\Users\naor\Documents\Visual Studio 2013\Projects\OpenCVTest\Debug\OpenCVTest.exe" /INCREMENTAL /NOLOGO /LIBPATH:D:\opencv310\opencv\build\x64\vc12\lib opencv_core310d.lib opencv_highgui310d.lib opencv_imgproc310d.lib opencv_ml310d.lib opencv_video310d.lib opencv_cudev310d.lib opencv_cudafilters310d.lib kernel32.lib user32.lib gdi32.lib winspool.lib comdlg32.lib advapi32.lib shell32.lib ole32.lib oleaut32.lib uuid.lib odbc32.lib odbccp32.lib /MANIFEST /MANIFESTUAC:"level='asInvoker' uiAccess='false'" /manifest:embed /DEBUG /PDB:"C:\Users\naor\Documents\Visual Studio 2013\Projects\OpenCVTest\Debug\OpenCVTest.pdb" /SUBSYSTEM:CONSOLE /TLBID:1 /DYNAMICBASE /NXCOMPAT /IMPLIB:"C:\Users\naor\Documents\Visual Studio 2013\Projects\OpenCVTest\Debug\OpenCVTest.lib" /MACHINE:X86 Debug\main.obj
     1>LINK : fatal error LNK1104: cannot open file 'opencv_core310d.lib'
     1>Done Building Project "C:\Users\naor\Documents\Visual Studio 2013\Projects\OpenCVTest\OpenCVTest\OpenCVTest.vcxproj" (Build target(s)) -- FAILED.

Build FAILED.

Time Elapsed 00:00:01.41
